0 info it worked if it ends with ok
1 verbose cli [ '/usr/bin/node', '/usr/bin/npm', 'run', 'build' ]
2 info using npm@3.5.2
3 info using node@v8.10.0
4 verbose run-script [ 'prebuild', 'build', 'postbuild' ]
5 info lifecycle ciencia-argentina@1.0.0~prebuild: ciencia-argentina@1.0.0
6 silly lifecycle ciencia-argentina@1.0.0~prebuild: no script for prebuild, continuing
7 info lifecycle ciencia-argentina@1.0.0~build: ciencia-argentina@1.0.0
8 verbose lifecycle ciencia-argentina@1.0.0~build: unsafe-perm in lifecycle true
9 verbose lifecycle ciencia-argentina@1.0.0~build: PATH: /usr/share/npm/bin/node-gyp-bin:/home/nico/Documents/Ciencia Argentina/WebApp/node_modules/.bin:/home/nico/go/bin:/usr/local/go/bin:/home/nico/bin:/usr/local/bin:/home/nico/go/bin:/usr/local/go/bin:/home/nico/bin:/usr/local/bin:/usr/local/sbin:/usr/local/bin:/usr/sbin:/usr/bin:/sbin:/bin:/usr/games:/usr/local/games:/snap/bin:/home/nico/.dotnet/tools:/usr/local/go/bin:/usr/local/go/bin
10 verbose lifecycle ciencia-argentina@1.0.0~build: CWD: /home/nico/Documents/Ciencia Argentina/WebApp
11 silly lifecycle ciencia-argentina@1.0.0~build: Args: [ '-c', 'next build' ]
12 silly lifecycle ciencia-argentina@1.0.0~build: Returned: code: 1  signal: null
13 info lifecycle ciencia-argentina@1.0.0~build: Failed to exec build script
14 verbose stack Error: ciencia-argentina@1.0.0 build: `next build`
14 verbose stack Exit status 1
14 verbose stack     at EventEmitter.<anonymous> (/usr/share/npm/lib/utils/lifecycle.js:232:16)
14 verbose stack     at emitTwo (events.js:126:13)
14 verbose stack     at EventEmitter.emit (events.js:214:7)
14 verbose stack     at ChildProcess.<anonymous> (/usr/share/npm/lib/utils/spawn.js:24:14)
14 verbose stack     at emitTwo (events.js:126:13)
14 verbose stack     at ChildProcess.emit (events.js:214:7)
14 verbose stack     at maybeClose (internal/child_process.js:925:16)
14 verbose stack     at Process.ChildProcess._handle.onexit (internal/child_process.js:209:5)
15 verbose pkgid ciencia-argentina@1.0.0
16 verbose cwd /home/nico/Documents/Ciencia Argentina/WebApp
17 error Linux 5.0.0-37-generic
18 error argv "/usr/bin/node" "/usr/bin/npm" "run" "build"
19 error node v8.10.0
20 error npm  v3.5.2
21 error code ELIFECYCLE
22 error ciencia-argentina@1.0.0 build: `next build`
22 error Exit status 1
23 error Failed at the ciencia-argentina@1.0.0 build script 'next build'.
23 error Make sure you have the latest version of node.js and npm installed.
23 error If you do, this is most likely a problem with the ciencia-argentina package,
23 error not with npm itself.
23 error Tell the author that this fails on your system:
23 error     next build
23 error You can get information on how to open an issue for this project with:
23 error     npm bugs ciencia-argentina
23 error Or if that isn't available, you can get their info via:
23 error     npm owner ls ciencia-argentina
23 error There is likely additional logging output above.
24 verbose exit [ 1, true ]
